<?xml version="1.0" encoding="UTF-8"?>
<!-- Generated by org.testng.reporters.JUnitReportReporter -->
<testsuite hostname="SIR-PC" name="com.Wetabe.CapturingCompleteWebtable" tests="1" failures="0" timestamp="28 Feb 2020 18:43:51 GMT" time="47.417" errors="0">
  <testcase name="capturingCompleteWebTableData" time="47.417" classname="com.Wetabe.CapturingCompleteWebtable"/>
</testsuite> <!-- com.Wetabe.CapturingCompleteWebtable -->
